INFO: [2025-09-22 17:23:21] archive script started.
INFO: [2025-09-22 17:23:21] Backing up from ../test_source to ../test_backup/backup_20250922_172321.tar.gz
INFO: [2025-09-22 17:23:21] Backup completed successfully.
INFO: [2025-09-23 23:04:54] archive script started.
INFO: [2025-09-23 23:04:54] Backing up from ../test_source to ../test_backup/backup_20250923_230454.tar.gz
INFO: [2025-09-23 23:04:54] Backup completed successfully.
INFO: [2025-09-23 23:06:34] archive script started.
ERROR: [2025-09-23 23:06:34] Source directory (/nonexistent/source) does not exist or is not readable. Exiting.
INFO: [2025-09-23 23:07:12] archive script started.
ERROR: [2025-09-23 23:07:12] Target directory (/root/cannot_create_here) does not exist or could not be created. Exiting.
INFO: [2025-09-23 23:09:13] archive script started.
INFO: [2025-09-23 23:09:13] Backing up from ../test_source to ../test_backup/backup_20250923_230913.tar.gz
INFO: [2025-09-23 23:09:13] Backup completed successfully.
INFO: [2025-09-23 23:10:40] archive script started.
INFO: [2025-09-23 23:10:40] Backing up from ../fail_source to ../test_backup/backup_20250923_231040.tar.gz
INFO: [2025-09-23 23:10:40] Backup completed successfully.
INFO: [2025-09-23 23:15:15] archive script started.
INFO: [2025-09-23 23:15:15] Backing up from ../fail_source to ../test_backup/backup_20250923_231515.tar.gz
INFO: [2025-09-23 23:15:15] Backup completed successfully.
INFO: [2025-09-23 23:15:57] archive script started.
INFO: [2025-09-23 23:15:57] Backing up from ../fail_source to ../test_backup/backup_20250923_231557.tar.gz
INFO: [2025-09-23 23:15:57] Backup completed successfully.
INFO: [2025-09-23 23:18:34] archive script started.
INFO: [2025-09-23 23:18:34] Backing up from ../fail_source to ../test_backup/backup_20250923_231834.tar.gz
INFO: [2025-09-23 23:18:34] Backup completed successfully.
INFO: [2025-09-23 23:20:55] archive script started.
INFO: [2025-09-23 23:20:55] Backing up from ../test_source to ../test_backup/backup_20250923_232055.tar.gz
INFO: [2025-09-23 23:20:55] Backup completed successfully.
INFO: [2025-09-23 23:23:40] archive script started.
INFO: [2025-09-23 23:23:40] Backing up from ../test_source to ../test_backup/backup_20250923_232340.tar.gz
INFO: [2025-09-23 23:23:40] Backup completed successfully.
INFO: [2025-09-23 23:27:12] archive script started.
ERROR: [2025-09-23 23:27:12] Target directory (/root/readonly_target) does not exist or could not be created. Exiting.
INFO: [2025-09-23 23:27:56] archive script started.
INFO: [2025-09-23 23:27:56] Backing up from ../broken_source to ../test_backup/backup_20250923_232756.tar.gz
INFO: [2025-09-23 23:27:56] Backup completed successfully.
INFO: [2025-09-23 23:34:18] archive script started.
ERROR: [2025-09-23 23:34:18] Source directory (test_source/) does not exist or is not readable. Exiting.
INFO: [2025-09-24 17:31:06] archive script started.
INFO: [2025-09-24 17:31:06] Backing up from ../test_source to ../test_backup/backup_20250924_173106.tar.gz
INFO: [2025-09-24 17:31:06] Backup completed successfully.
INFO: [2025-09-24 17:31:29] archive script started.
INFO: [2025-09-24 17:31:29] Backing up from ../test_source to ../test_backup/backup_20250924_173129.tar.gz
INFO: [2025-09-24 17:31:29] Backup completed successfully.
INFO: [2025-09-24 17:32:09] archive script started.
ERROR: [2025-09-24 17:32:09] Source directory (../test_source) does not exist or is not readable. Exiting.
INFO: [2025-09-24 17:33:09] archive script started.
INFO: [2025-09-24 17:33:09] Backing up from ../test_source to ../test_backup/backup_20250924_173309.tar.gz
INFO: [2025-09-24 17:33:09] Backup completed successfully.
INFO: [2025-09-24 17:33:40] archive script started.
INFO: [2025-09-24 17:33:40] Backing up from ../test_source to ../test_backup/backup_20250924_173340.tar.gz
INFO: [2025-09-24 17:33:40] Backup completed successfully.
INFO: [2025-09-25 20:29:00] archive script started.
ERROR: [2025-09-25 20:29:00] Source directory (../test_source) does not exist or is not readable. Exiting.
INFO: [2025-09-25 20:29:55] archive script started.
INFO: [2025-09-25 20:29:55] Found .bassignore in current directory
INFO: [2025-09-25 20:29:55] [DRY-RUN] Would backup from ../test_source to ../test_backup/backup_20250925_202955.tar.gz
INFO: [2025-09-25 20:29:55] [DRY-RUN] Exclusion patterns from .bassignore:
INFO: [2025-09-25 20:29:55] [DRY-RUN] Files that would be included:
INFO: [2025-09-25 20:29:55] [DRY-RUN] No actual backup performed
INFO: [2025-09-25 20:31:54] archive script started.
INFO: [2025-09-25 20:31:54] Found .bassignore in current directory
INFO: [2025-09-25 20:31:54] [DRY-RUN] Would backup from ../test_source to ../test_backup/backup_20250925_203154.tar.gz
INFO: [2025-09-25 20:31:54] [DRY-RUN] Exclusion patterns from .bassignore:
INFO: [2025-09-25 20:31:54] [DRY-RUN] Files that would be included:
INFO: [2025-09-25 20:31:54] [DRY-RUN] No actual backup performed
INFO: [2025-09-25 20:32:14] archive script started.
INFO: [2025-09-25 20:32:14] Found .bassignore in current directory
INFO: [2025-09-25 20:32:14] [DRY-RUN] Would backup from ../test_source to ../test_backup/backup_20250925_203214.tar.gz
INFO: [2025-09-25 20:32:14] [DRY-RUN] Exclusion patterns from .bassignore:
INFO: [2025-09-25 20:32:14] [DRY-RUN] Files that would be included:
INFO: [2025-09-25 20:32:14] [DRY-RUN] No actual backup performed
INFO: [2025-09-25 20:32:31] archive script started.
INFO: [2025-09-25 20:32:31] Found .bassignore in current directory
INFO: [2025-09-25 20:32:31] [DRY-RUN] Would backup from ../test_source to ../test_backup/backup_20250925_203231.tar.gz
INFO: [2025-09-25 20:32:31] [DRY-RUN] Exclusion patterns from .bassignore:
INFO: [2025-09-25 20:32:31] [DRY-RUN] Files that would be included:
INFO: [2025-09-25 20:32:31] [DRY-RUN] No actual backup performed
INFO: [2025-09-25 20:34:10] archive script started.
INFO: [2025-09-25 20:34:10] Found .bassignore in current directory
INFO: [2025-09-25 20:34:10] [DRY-RUN] Would backup from ../test_source to ../test_backup/backup_20250925_203410.tar.gz
INFO: [2025-09-25 20:34:10] [DRY-RUN] Exclusion patterns from .bassignore:
INFO: [2025-09-25 20:34:10] [DRY-RUN] Files that would be included:
INFO: [2025-09-25 20:34:10] [DRY-RUN] No actual backup performed
INFO: [2025-09-25 20:34:21] archive script started.
INFO: [2025-09-25 20:34:21] Found .bassignore in current directory
INFO: [2025-09-25 20:34:21] [DRY-RUN] Would backup from ../test_source to ../test_backup/backup_20250925_203421.tar.gz
INFO: [2025-09-25 20:34:21] [DRY-RUN] Exclusion patterns from .bassignore:
INFO: [2025-09-25 20:34:21] [DRY-RUN] Files that would be included:
INFO: [2025-09-25 20:34:21] [DRY-RUN] No actual backup performed
INFO: [2025-09-25 20:35:13] archive script started.
INFO: [2025-09-25 20:35:13] Found .bassignore in current directory
INFO: [2025-09-25 20:35:13] Backing up from ../test_source to ../test_backup/backup_20250925_203513.tar.gz
INFO: [2025-09-25 20:35:13] Applying exclusions from .bassignore
INFO: [2025-09-25 20:35:14] Backup completed successfully.
INFO: [2025-09-25 20:36:03] archive script started.
INFO: [2025-09-25 20:36:03] Found .bassignore in current directory
INFO: [2025-09-25 20:36:03] [DRY-RUN] Would backup from ../test_source to ../test_backup/backup_20250925_203603.tar.gz
INFO: [2025-09-25 20:36:03] [DRY-RUN] Exclusion patterns from .bassignore:
INFO: [2025-09-25 20:36:04] [DRY-RUN] Files that would be included:
INFO: [2025-09-25 20:36:04] [DRY-RUN] No actual backup performed
INFO: [2025-09-25 20:36:31] archive script started.
INFO: [2025-09-25 20:36:31] Found .bassignore in current directory
INFO: [2025-09-25 20:36:31] [DRY-RUN] Would backup from ../test_source to ../test_backup/backup_20250925_203631.tar.gz
INFO: [2025-09-25 20:36:31] [DRY-RUN] Exclusion patterns from .bassignore:
INFO: [2025-09-25 20:36:31] [DRY-RUN] Files that would be included:
INFO: [2025-09-25 20:36:31] [DRY-RUN] No actual backup performed
INFO: [2025-09-25 20:41:35] archive script started.
INFO: [2025-09-25 20:41:35] Found .bassignore in current directory
INFO: [2025-09-25 20:41:35] [DRY-RUN] Would backup from ../dummy_directory to ../test_backup/backup_20250925_204135.tar.gz
INFO: [2025-09-25 20:41:35] [DRY-RUN] Exclusion patterns from .bassignore:
INFO: [2025-09-25 20:41:35] [DRY-RUN] Files that would be included:
INFO: [2025-09-25 20:41:35] [DRY-RUN] No actual backup performed
INFO: [2025-09-25 20:42:04] archive script started.
INFO: [2025-09-25 20:42:04] Found .bassignore in current directory
INFO: [2025-09-25 20:42:05] [DRY-RUN] Would backup from ../dummy_directory to ../test_backup/backup_20250925_204204.tar.gz
INFO: [2025-09-25 20:42:05] [DRY-RUN] Exclusion patterns from .bassignore:
INFO: [2025-09-25 20:42:05] [DRY-RUN] Files that would be included:
INFO: [2025-09-25 20:42:05] [DRY-RUN] No actual backup performed
INFO: [2025-09-25 20:42:18] archive script started.
INFO: [2025-09-25 20:42:18] Found .bassignore in current directory
INFO: [2025-09-25 20:42:18] Backing up from ../dummy_directory to ../test_backup/backup_20250925_204218.tar.gz
INFO: [2025-09-25 20:42:18] Applying exclusions from .bassignore
INFO: [2025-09-25 20:42:18] Backup completed successfully.
INFO: [2025-09-25 20:42:47] archive script started.
INFO: [2025-09-25 20:42:47] Found .bassignore in current directory
INFO: [2025-09-25 20:42:47] [DRY-RUN] Would backup from ../test_source to ../test_backup/backup_20250925_204247.tar.gz
INFO: [2025-09-25 20:42:47] [DRY-RUN] Exclusion patterns from .bassignore:
INFO: [2025-09-25 20:42:47] [DRY-RUN] Files that would be included:
INFO: [2025-09-25 20:42:47] [DRY-RUN] No actual backup performed
INFO: [2025-09-25 20:43:07] archive script started.
INFO: [2025-09-25 20:43:07] Found .bassignore in current directory
INFO: [2025-09-25 20:43:08] [DRY-RUN] Would backup from ../test_source to ../test_backup/backup_20250925_204307.tar.gz
INFO: [2025-09-25 20:43:08] [DRY-RUN] Exclusion patterns from .bassignore:
INFO: [2025-09-25 20:43:08] [DRY-RUN] Files that would be included:
INFO: [2025-09-25 20:43:08] [DRY-RUN] No actual backup performed
